<?xml version="1.0" encoding="UTF-8"?>
<!-- Generated by org.testng.reporters.JUnitReportReporter -->
<testsuite skipped="0" hostname="LAPTOP-RTC24KA1" name="groupingTest.Group" tests="4" failures="0" timestamp="22 Jan 2022 16:40:28 GMT" time="0.046" errors="0">
  <testcase name="Test_01" time="0.000" classname="groupingTest.Group"/>
  <testcase name="Test_01" time="0.015" classname="groupingTest.Group"/>
  <testcase name="Test_03" time="0.015" classname="groupingTest.Group"/>
  <testcase name="Test_01" time="0.016" classname="groupingTest.Group"/>
</testsuite> <!-- groupingTest.Group -->
